<<<<<<< HEAD
224,1,0000046c: InitNetwork__7SyringeFv
224,1,0000058c: Subscribe__Q211SyringeCore15ModuleLoadEventFPFP12gfModuleInfo_v
224,1,00000b00: syInlineHook__11SyringeCoreFUlPCv
224,1,00000b08: syInlineHookRel__11SyringeCoreFUlPCvi
224,1,00000b0c: sySimpleHook__11SyringeCoreFUlPCv
224,1,00000b18: sySimpleHookRel__11SyringeCoreFUlPCvi
224,1,00000c24: syReplaceFunc__11SyringeCoreFUlPCvPPv
224,1,00000c2c: syReplaceFuncRel__11SyringeCoreFUlPCvPPvi
224,1,00000f0c: EncodeBranch__12SyringeUtilsFUlUlb
224,1,00000f38: EncodeBranch__12SyringeUtilsFUlUl
224,1,00000f40: __ct__Q27Syringe7VersionFPCc
224,1,00000f8c: __lt__7SyringeFRCQ27Syringe7VersionRCQ27Syringe7Version
224,1,00000fdc: __eq__7SyringeFRCQ27Syringe7VersionRCQ27Syringe7Version
224,1,0000101c: __ne__7SyringeFRCQ27Syringe7VersionRCQ27Syringe7Version
224,1,0000105c: versionToString__7SyringeFRCQ27Syringe7VersionPc
=======
224,1,000001f4: InitNetwork__7SyringeFv
224,1,00000314: Subscribe__Q211SyringeCore15ModuleLoadEventFPFP12gfModuleInfo_v
224,1,0000089c: syInlineHook__11SyringeCoreFUlPCv
224,1,000008a4: syInlineHookRel__11SyringeCoreFUlPCvi
224,1,000008a8: sySimpleHook__11SyringeCoreFUlPCv
224,1,000008b4: sySimpleHookRel__11SyringeCoreFUlPCvi
224,1,000009c0: syReplaceFunc__11SyringeCoreFUlPCvPPv
224,1,000009c8: syReplaceFuncRel__11SyringeCoreFUlPCvPPvi
224,1,00000ca8: EncodeBranch__12SyringeUtilsFUlUlb
224,1,00000cd4: EncodeBranch__12SyringeUtilsFUlUl
224,1,00000cdc: __ct__Q27Syringe7VersionFPCc
224,1,00000d28: __lt__7SyringeFRCQ27Syringe7VersionRCQ27Syringe7Version
224,1,00000d78: __eq__7SyringeFRCQ27Syringe7VersionRCQ27Syringe7Version
224,1,00000db8: __ne__7SyringeFRCQ27Syringe7VersionRCQ27Syringe7Version
224,1,00000df8: versionToString__7SyringeFRCQ27Syringe7VersionPc
>>>>>>> acfb47bb9bd2e18642d3d1299cb15cae600883c8
